<?xml version="1.0" encoding="UTF-8"?>
<testsuite xmlns:xsi="http://www.w3.org/2001/XMLSchema-instance" xsi:noNamespaceSchemaLocation="https://maven.apache.org/surefire/maven-surefire-plugin/xsd/surefire-test-report.xsd" version="3.0.2" name="com.example.paymentselection.controller.SelectionControllerTest" time="4.207" tests="3" errors="0" skipped="0" failures="0">
  <properties>
[...]
</properties>
  <testcase name="testUpdateSelection" classname="com.example.paymentselection.controller.SelectionControllerTest" time="0.408">
    <system-out><![CDATA[22:36:16.962 [main] INFO org.springframework.test.context.support.AnnotationConfigContextLoaderUtils -- Could not detect default configuration classes for test class [com.example.paymentselection.controller.SelectionControllerTest]: SelectionControllerTest does not declare any static, non-private, non-final, nested classes annotated with @Configuration.
22:36:17.113 [main] INFO org.springframework.boot.test.context.SpringBootTestContextBootstrapper -- Found @SpringBootConfiguration com.example.paymentselection.PaymentSelectionApplication for test class com.example.paymentselection.controller.SelectionControllerTest

  .   ____          _            __ _ _
 /\\ / ___'_ __ _ _(_)_ __  __ _ \ \ \ \
( ( )\___ | '_ | '_| | '_ \/ _` | \ \ \ \
 \\/  ___)| |_)| | | | | || (_| |  ) ) ) )
  '  |____| .__|_| |_|_| |_\__, | / / / /
 =========|_|==============|___/=/_/_/_/

 :: Spring Boot ::                (v3.4.5)

2025-09-07T22:36:17.603-03:00  INFO 47456 --- [payment-selection-backend] [           main] c.e.p.c.SelectionControllerTest          : Starting SelectionControllerTest using Java 21.0.4 with PID 47456 (started by Sylvio in C:\Development\projects\payment-selection-optimized)
2025-09-07T22:36:17.603-03:00 DEBUG 47456 --- [payment-selection-backend] [           main] c.e.p.c.SelectionControllerTest          : Running with Spring Boot v3.4.5, Spring v6.2.6
2025-09-07T22:36:17.604-03:00  INFO 47456 --- [payment-selection-backend] [           main] c.e.p.c.SelectionControllerTest          : No active profile set, falling back to 1 default profile: "default"
2025-09-07T22:36:17.625-03:00 DEBUG 47456 --- [payment-selection-backend] [           main] o.s.w.c.s.GenericWebApplicationContext   : Refreshing org.springframework.web.context.support.GenericWebApplicationContext@29314cc9
2025-09-07T22:36:19.650-03:00  INFO 47456 --- [payment-selection-backend] [           main] o.s.b.a.w.s.WelcomePageHandlerMapping    : Adding welcome page: class path resource [static/index.html]
2025-09-07T22:36:19.872-03:00 DEBUG 47456 --- [payment-selection-backend] [           main] s.w.s.m.m.a.RequestMappingHandlerMapping : 5 mappings in 'requestMappingHandlerMapping'
2025-09-07T22:36:20.161-03:00 DEBUG 47456 --- [payment-selection-backend] [           main] o.s.w.s.handler.SimpleUrlHandlerMapping  : Patterns [/webjars/**, /**] in 'resourceHandlerMapping'
2025-09-07T22:36:20.272-03:00 DEBUG 47456 --- [payment-selection-backend] [           main] s.w.s.m.m.a.RequestMappingHandlerAdapter : ControllerAdvice beans: 0 @ModelAttribute, 0 @InitBinder, 1 RequestBodyAdvice, 1 ResponseBodyAdvice
2025-09-07T22:36:20.348-03:00 DEBUG 47456 --- [payment-selection-backend] [           main] .m.m.a.ExceptionHandlerExceptionResolver : ControllerAdvice beans: 0 @ExceptionHandler, 1 ResponseBodyAdvice
2025-09-07T22:36:20.405-03:00  INFO 47456 --- [payment-selection-backend] [           main] o.s.b.t.m.w.SpringBootMockServletContext : Initializing Spring TestDispatcherServlet ''
2025-09-07T22:36:20.406-03:00  INFO 47456 --- [payment-selection-backend] [           main] o.s.t.web.servlet.TestDispatcherServlet  : Initializing Servlet ''
2025-09-07T22:36:20.411-03:00  INFO 47456 --- [payment-selection-backend] [           main] o.s.t.web.servlet.TestDispatcherServlet  : Completed initialization in 2 ms
2025-09-07T22:36:20.476-03:00  INFO 47456 --- [payment-selection-backend] [           main] c.e.p.c.SelectionControllerTest          : Started SelectionControllerTest in 3.279 seconds (process running for 4.537)
2025-09-07T22:36:20.717-03:00 DEBUG 47456 --- [payment-selection-backend] [           main] s.w.s.m.m.a.RequestMappingHandlerMapping : Mapped to com.example.paymentselection.controller.SelectionController#update(UUID, UpdateSelectionRequest)
2025-09-07T22:36:20.815-03:00 DEBUG 47456 --- [payment-selection-backend] [           main] m.m.a.RequestResponseBodyMethodProcessor : Read "application/json;charset=UTF-8" to [UpdateSelectionRequest[mode=ALL, includeIds=null, excludeIds=null]]
2025-09-07T22:36:20.832-03:00 DEBUG 47456 --- [payment-selection-backend] [           main] o.s.w.s.m.m.a.HttpEntityMethodProcessor  : Using 'application/json', given [*/*] and supported [application/json, application/*+json]
2025-09-07T22:36:20.837-03:00 DEBUG 47456 --- [payment-selection-backend] [           main] o.s.w.s.m.m.a.HttpEntityMethodProcessor  : Writing [SelectionResponse[selectionId=f54b3662-3a4f-4193-82bd-74c7ef64690c, selectedCount=15]]
]]></system-out>
    <system-err><![CDATA[Mockito is currently self-attaching to enable the inline-mock-maker. This will no longer work in future releases of the JDK. Please add Mockito as an agent to your build what is described in Mockito's documentation: https://javadoc.io/doc/org.mockito/mockito-core/latest/org/mockito/Mockito.html#0.3
WARNING: A Java agent has been loaded dynamically (C:\Users\Sylvio\.m2\repository\net\bytebuddy\byte-buddy-agent\1.15.11\byte-buddy-agent-1.15.11.jar)
WARNING: If a serviceability tool is in use, please run with -XX:+EnableDynamicAgentLoading to hide this warning
WARNING: If a serviceability tool is not in use, please run with -Djdk.instrument.traceUsage for more information
WARNING: Dynamic loading of agents will be disallowed by default in a future release
]]></system-err>
  </testcase>
  <testcase name="testCreateSelection" classname="com.example.paymentselection.controller.SelectionControllerTest" time="0.091">
    <system-out><![CDATA[2025-09-07T22:36:20.919-03:00 DEBUG 47456 --- [payment-selection-backend] [           main] s.w.s.m.m.a.RequestMappingHandlerMapping : Mapped to com.example.paymentselection.controller.SelectionController#create(CreateSelectionRequest)
2025-09-07T22:36:20.923-03:00 DEBUG 47456 --- [payment-selection-backend] [           main] m.m.a.RequestResponseBodyMethodProcessor : Read "application/json;charset=UTF-8" to [CreateSelectionRequest[filter={status=A_PAGAR}, mode=NONE]]
2025-09-07T22:36:20.991-03:00 DEBUG 47456 --- [payment-selection-backend] [           main] o.s.w.s.m.m.a.HttpEntityMethodProcessor  : Using 'application/json', given [*/*] and supported [application/json, application/*+json]
2025-09-07T22:36:20.991-03:00 DEBUG 47456 --- [payment-selection-backend] [           main] o.s.w.s.m.m.a.HttpEntityMethodProcessor  : Writing [SelectionResponse[selectionId=57e05e44-c07f-4c53-b4a9-5a1569517746, selectedCount=10]]
]]></system-out>
  </testcase>
  <testcase name="testApplySelection" classname="com.example.paymentselection.controller.SelectionControllerTest" time="0.014">
    <system-out><![CDATA[2025-09-07T22:36:21.002-03:00 DEBUG 47456 --- [payment-selection-backend] [           main] s.w.s.m.m.a.RequestMappingHandlerMapping : Mapped to com.example.paymentselection.controller.SelectionController#apply(UUID, ApplySelectionRequest)
2025-09-07T22:36:21.005-03:00 DEBUG 47456 --- [payment-selection-backend] [           main] m.m.a.RequestResponseBodyMethodProcessor : Read "application/json;charset=UTF-8" to [ApplySelectionRequest[action=PAY]]
2025-09-07T22:36:21.010-03:00 DEBUG 47456 --- [payment-selection-backend] [           main] o.s.w.s.m.m.a.HttpEntityMethodProcessor  : Using 'application/json', given [*/*] and supported [application/json, application/*+json]
2025-09-07T22:36:21.010-03:00 DEBUG 47456 --- [payment-selection-backend] [           main] o.s.w.s.m.m.a.HttpEntityMethodProcessor  : Nothing to write: null body
]]></system-out>
  </testcase>
</testsuite>